[INFO  - 2017-02-13T22:59:02.473Z] GhostDriver - Main - running on port 38368
[INFO  - 2017-02-13T22:59:02.868Z] Session [034dadf0-f240-11e6-9979-eb043659ce74] - page.settings - {"XSSAuditingEnabled":false,"javascriptCanCloseWindows":true,"javascriptCanOpenWindows":true,"javascriptEnabled":true,"loadImages":true,"localToRemoteUrlAccessEnabled":false,"userAgent":"Mozilla/5.0 (Macintosh; Intel Mac OS X) AppleWebKit/538.1 (KHTML, like Gecko) PhantomJS/2.1.1 Safari/538.1","webSecurityEnabled":true}
[INFO  - 2017-02-13T22:59:02.868Z] Session [034dadf0-f240-11e6-9979-eb043659ce74] - page.customHeaders:  - {}
[INFO  - 2017-02-13T22:59:02.868Z] Session [034dadf0-f240-11e6-9979-eb043659ce74] - Session.negotiatedCapabilities - {"browserName":"phantomjs","version":"2.1.1","driverName":"ghostdriver","driverVersion":"1.2.0","platform":"mac-10.10 (Yosemite)-64bit","javascriptEnabled":true,"takesScreenshot":true,"handlesAlerts":false,"databaseEnabled":false,"locationContextEnabled":false,"applicationCacheEnabled":false,"browserConnectionEnabled":false,"cssSelectorsEnabled":true,"webStorageEnabled":false,"rotatable":false,"acceptSslCerts":false,"nativeEvents":true,"proxy":{"proxyType":"direct"}}
[INFO  - 2017-02-13T22:59:02.868Z] SessionManagerReqHand - _postNewSessionCommand - New Session Created: 034dadf0-f240-11e6-9979-eb043659ce74
[INFO  - 2017-02-13T22:59:29.553Z] GhostDriver - Main - running on port 5543
[INFO  - 2017-02-13T22:59:29.881Z] Session [13678940-f240-11e6-aef1-510d50d78882] - page.settings - {"XSSAuditingEnabled":false,"javascriptCanCloseWindows":true,"javascriptCanOpenWindows":true,"javascriptEnabled":true,"loadImages":true,"localToRemoteUrlAccessEnabled":false,"userAgent":"Mozilla/5.0 (Macintosh; Intel Mac OS X) AppleWebKit/538.1 (KHTML, like Gecko) PhantomJS/2.1.1 Safari/538.1","webSecurityEnabled":true}
[INFO  - 2017-02-13T22:59:29.881Z] Session [13678940-f240-11e6-aef1-510d50d78882] - page.customHeaders:  - {}
[INFO  - 2017-02-13T22:59:29.881Z] Session [13678940-f240-11e6-aef1-510d50d78882] - Session.negotiatedCapabilities - {"browserName":"phantomjs","version":"2.1.1","driverName":"ghostdriver","driverVersion":"1.2.0","platform":"mac-10.10 (Yosemite)-64bit","javascriptEnabled":true,"takesScreenshot":true,"handlesAlerts":false,"databaseEnabled":false,"locationContextEnabled":false,"applicationCacheEnabled":false,"browserConnectionEnabled":false,"cssSelectorsEnabled":true,"webStorageEnabled":false,"rotatable":false,"acceptSslCerts":false,"nativeEvents":true,"proxy":{"proxyType":"direct"}}
[INFO  - 2017-02-13T22:59:29.881Z] SessionManagerReqHand - _postNewSessionCommand - New Session Created: 13678940-f240-11e6-aef1-510d50d78882
[INFO  - 2017-02-13T22:59:40.308Z] GhostDriver - Main - running on port 38446
[INFO  - 2017-02-13T22:59:40.515Z] Session [19be27e0-f240-11e6-b18d-21dc044ba5fd] - page.settings - {"XSSAuditingEnabled":false,"javascriptCanCloseWindows":true,"javascriptCanOpenWindows":true,"javascriptEnabled":true,"loadImages":true,"localToRemoteUrlAccessEnabled":false,"userAgent":"Mozilla/5.0 (Macintosh; Intel Mac OS X) AppleWebKit/538.1 (KHTML, like Gecko) PhantomJS/2.1.1 Safari/538.1","webSecurityEnabled":true}
[INFO  - 2017-02-13T22:59:40.515Z] Session [19be27e0-f240-11e6-b18d-21dc044ba5fd] - page.customHeaders:  - {}
[INFO  - 2017-02-13T22:59:40.515Z] Session [19be27e0-f240-11e6-b18d-21dc044ba5fd] - Session.negotiatedCapabilities - {"browserName":"phantomjs","version":"2.1.1","driverName":"ghostdriver","driverVersion":"1.2.0","platform":"mac-10.10 (Yosemite)-64bit","javascriptEnabled":true,"takesScreenshot":true,"handlesAlerts":false,"databaseEnabled":false,"locationContextEnabled":false,"applicationCacheEnabled":false,"browserConnectionEnabled":false,"cssSelectorsEnabled":true,"webStorageEnabled":false,"rotatable":false,"acceptSslCerts":false,"nativeEvents":true,"proxy":{"proxyType":"direct"}}
[INFO  - 2017-02-13T22:59:40.515Z] SessionManagerReqHand - _postNewSessionCommand - New Session Created: 19be27e0-f240-11e6-b18d-21dc044ba5fd
[INFO  - 2017-02-13T23:00:01.860Z] GhostDriver - Main - running on port 4966
[INFO  - 2017-02-13T23:00:01.964Z] Session [2686dc60-f240-11e6-b691-1f6991fb13a1] - page.settings - {"XSSAuditingEnabled":false,"javascriptCanCloseWindows":true,"javascriptCanOpenWindows":true,"javascriptEnabled":true,"loadImages":true,"localToRemoteUrlAccessEnabled":false,"userAgent":"Mozilla/5.0 (Macintosh; Intel Mac OS X) AppleWebKit/538.1 (KHTML, like Gecko) PhantomJS/2.1.1 Safari/538.1","webSecurityEnabled":true}
[INFO  - 2017-02-13T23:00:01.964Z] Session [2686dc60-f240-11e6-b691-1f6991fb13a1] - page.customHeaders:  - {}
[INFO  - 2017-02-13T23:00:01.964Z] Session [2686dc60-f240-11e6-b691-1f6991fb13a1] - Session.negotiatedCapabilities - {"browserName":"phantomjs","version":"2.1.1","driverName":"ghostdriver","driverVersion":"1.2.0","platform":"mac-10.10 (Yosemite)-64bit","javascriptEnabled":true,"takesScreenshot":true,"handlesAlerts":false,"databaseEnabled":false,"locationContextEnabled":false,"applicationCacheEnabled":false,"browserConnectionEnabled":false,"cssSelectorsEnabled":true,"webStorageEnabled":false,"rotatable":false,"acceptSslCerts":false,"nativeEvents":true,"proxy":{"proxyType":"direct"}}
[INFO  - 2017-02-13T23:00:01.965Z] SessionManagerReqHand - _postNewSessionCommand - New Session Created: 2686dc60-f240-11e6-b691-1f6991fb13a1
[INFO  - 2017-02-13T23:01:01.250Z] GhostDriver - Main - running on port 13561
[INFO  - 2017-02-13T23:01:01.551Z] Session [4a0b44a0-f240-11e6-a198-49907b01be70] - page.settings - {"XSSAuditingEnabled":false,"javascriptCanCloseWindows":true,"javascriptCanOpenWindows":true,"javascriptEnabled":true,"loadImages":true,"localToRemoteUrlAccessEnabled":false,"userAgent":"Mozilla/5.0 (Macintosh; Intel Mac OS X) AppleWebKit/538.1 (KHTML, like Gecko) PhantomJS/2.1.1 Safari/538.1","webSecurityEnabled":true}
[INFO  - 2017-02-13T23:01:01.551Z] Session [4a0b44a0-f240-11e6-a198-49907b01be70] - page.customHeaders:  - {}
[INFO  - 2017-02-13T23:01:01.551Z] Session [4a0b44a0-f240-11e6-a198-49907b01be70] - Session.negotiatedCapabilities - {"browserName":"phantomjs","version":"2.1.1","driverName":"ghostdriver","driverVersion":"1.2.0","platform":"mac-10.10 (Yosemite)-64bit","javascriptEnabled":true,"takesScreenshot":true,"handlesAlerts":false,"databaseEnabled":false,"locationContextEnabled":false,"applicationCacheEnabled":false,"browserConnectionEnabled":false,"cssSelectorsEnabled":true,"webStorageEnabled":false,"rotatable":false,"acceptSslCerts":false,"nativeEvents":true,"proxy":{"proxyType":"direct"}}
[INFO  - 2017-02-13T23:01:01.552Z] SessionManagerReqHand - _postNewSessionCommand - New Session Created: 4a0b44a0-f240-11e6-a198-49907b01be70
[INFO  - 2017-02-13T23:01:13.105Z] GhostDriver - Main - running on port 20119
[INFO  - 2017-02-13T23:01:13.188Z] Session [50faeef0-f240-11e6-be9c-b9810ec62124] - page.settings - {"XSSAuditingEnabled":false,"javascriptCanCloseWindows":true,"javascriptCanOpenWindows":true,"javascriptEnabled":true,"loadImages":true,"localToRemoteUrlAccessEnabled":false,"userAgent":"Mozilla/5.0 (Macintosh; Intel Mac OS X) AppleWebKit/538.1 (KHTML, like Gecko) PhantomJS/2.1.1 Safari/538.1","webSecurityEnabled":true}
[INFO  - 2017-02-13T23:01:13.189Z] Session [50faeef0-f240-11e6-be9c-b9810ec62124] - page.customHeaders:  - {}
[INFO  - 2017-02-13T23:01:13.189Z] Session [50faeef0-f240-11e6-be9c-b9810ec62124] - Session.negotiatedCapabilities - {"browserName":"phantomjs","version":"2.1.1","driverName":"ghostdriver","driverVersion":"1.2.0","platform":"mac-10.10 (Yosemite)-64bit","javascriptEnabled":true,"takesScreenshot":true,"handlesAlerts":false,"databaseEnabled":false,"locationContextEnabled":false,"applicationCacheEnabled":false,"browserConnectionEnabled":false,"cssSelectorsEnabled":true,"webStorageEnabled":false,"rotatable":false,"acceptSslCerts":false,"nativeEvents":true,"proxy":{"proxyType":"direct"}}
[INFO  - 2017-02-13T23:01:13.189Z] SessionManagerReqHand - _postNewSessionCommand - New Session Created: 50faeef0-f240-11e6-be9c-b9810ec62124
[INFO  - 2017-02-13T23:01:36.443Z] GhostDriver - Main - running on port 16359
[INFO  - 2017-02-13T23:01:36.792Z] Session [5f06d1d0-f240-11e6-87f9-473e029ff3a8] - page.settings - {"XSSAuditingEnabled":false,"javascriptCanCloseWindows":true,"javascriptCanOpenWindows":true,"javascriptEnabled":true,"loadImages":true,"localToRemoteUrlAccessEnabled":false,"userAgent":"Mozilla/5.0 (Macintosh; Intel Mac OS X) AppleWebKit/538.1 (KHTML, like Gecko) PhantomJS/2.1.1 Safari/538.1","webSecurityEnabled":true}
[INFO  - 2017-02-13T23:01:36.793Z] Session [5f06d1d0-f240-11e6-87f9-473e029ff3a8] - page.customHeaders:  - {}
[INFO  - 2017-02-13T23:01:36.794Z] Session [5f06d1d0-f240-11e6-87f9-473e029ff3a8] - Session.negotiatedCapabilities - {"browserName":"phantomjs","version":"2.1.1","driverName":"ghostdriver","driverVersion":"1.2.0","platform":"mac-10.10 (Yosemite)-64bit","javascriptEnabled":true,"takesScreenshot":true,"handlesAlerts":false,"databaseEnabled":false,"locationContextEnabled":false,"applicationCacheEnabled":false,"browserConnectionEnabled":false,"cssSelectorsEnabled":true,"webStorageEnabled":false,"rotatable":false,"acceptSslCerts":false,"nativeEvents":true,"proxy":{"proxyType":"direct"}}
[INFO  - 2017-02-13T23:01:36.794Z] SessionManagerReqHand - _postNewSessionCommand - New Session Created: 5f06d1d0-f240-11e6-87f9-473e029ff3a8
[INFO  - 2017-02-13T23:03:54.423Z] GhostDriver - Main - running on port 37343
[INFO  - 2017-02-13T23:03:54.819Z] Session [b151b6d0-f240-11e6-a790-09fcaa259378] - page.settings - {"XSSAuditingEnabled":false,"javascriptCanCloseWindows":true,"javascriptCanOpenWindows":true,"javascriptEnabled":true,"loadImages":true,"localToRemoteUrlAccessEnabled":false,"userAgent":"Mozilla/5.0 (Macintosh; Intel Mac OS X) AppleWebKit/538.1 (KHTML, like Gecko) PhantomJS/2.1.1 Safari/538.1","webSecurityEnabled":true}
[INFO  - 2017-02-13T23:03:54.819Z] Session [b151b6d0-f240-11e6-a790-09fcaa259378] - page.customHeaders:  - {}
[INFO  - 2017-02-13T23:03:54.820Z] Session [b151b6d0-f240-11e6-a790-09fcaa259378] - Session.negotiatedCapabilities - {"browserName":"phantomjs","version":"2.1.1","driverName":"ghostdriver","driverVersion":"1.2.0","platform":"mac-10.10 (Yosemite)-64bit","javascriptEnabled":true,"takesScreenshot":true,"handlesAlerts":false,"databaseEnabled":false,"locationContextEnabled":false,"applicationCacheEnabled":false,"browserConnectionEnabled":false,"cssSelectorsEnabled":true,"webStorageEnabled":false,"rotatable":false,"acceptSslCerts":false,"nativeEvents":true,"proxy":{"proxyType":"direct"}}
[INFO  - 2017-02-13T23:03:54.820Z] SessionManagerReqHand - _postNewSessionCommand - New Session Created: b151b6d0-f240-11e6-a790-09fcaa259378
[INFO  - 2017-02-13T23:04:02.481Z] SessionManagerReqHand - _cleanupWindowlessSessions - Asynchronous Sessions clean-up phase starting NOW
[INFO  - 2017-02-13T23:04:08.586Z] GhostDriver - Main - running on port 29611
[INFO  - 2017-02-13T23:04:08.724Z] Session [b997a250-f240-11e6-9270-13adfba5bce5] - page.settings - {"XSSAuditingEnabled":false,"javascriptCanCloseWindows":true,"javascriptCanOpenWindows":true,"javascriptEnabled":true,"loadImages":true,"localToRemoteUrlAccessEnabled":false,"userAgent":"Mozilla/5.0 (Macintosh; Intel Mac OS X) AppleWebKit/538.1 (KHTML, like Gecko) PhantomJS/2.1.1 Safari/538.1","webSecurityEnabled":true}
[INFO  - 2017-02-13T23:04:08.725Z] Session [b997a250-f240-11e6-9270-13adfba5bce5] - page.customHeaders:  - {}
[INFO  - 2017-02-13T23:04:08.726Z] Session [b997a250-f240-11e6-9270-13adfba5bce5] - Session.negotiatedCapabilities - {"browserName":"phantomjs","version":"2.1.1","driverName":"ghostdriver","driverVersion":"1.2.0","platform":"mac-10.10 (Yosemite)-64bit","javascriptEnabled":true,"takesScreenshot":true,"handlesAlerts":false,"databaseEnabled":false,"locationContextEnabled":false,"applicationCacheEnabled":false,"browserConnectionEnabled":false,"cssSelectorsEnabled":true,"webStorageEnabled":false,"rotatable":false,"acceptSslCerts":false,"nativeEvents":true,"proxy":{"proxyType":"direct"}}
[INFO  - 2017-02-13T23:04:08.727Z] SessionManagerReqHand - _postNewSessionCommand - New Session Created: b997a250-f240-11e6-9270-13adfba5bce5
[INFO  - 2017-02-13T23:04:28.227Z] GhostDriver - Main - running on port 43375
[INFO  - 2017-02-13T23:04:28.494Z] Session [c563f570-f240-11e6-ada1-b9a9fdb87777] - page.settings - {"XSSAuditingEnabled":false,"javascriptCanCloseWindows":true,"javascriptCanOpenWindows":true,"javascriptEnabled":true,"loadImages":true,"localToRemoteUrlAccessEnabled":false,"userAgent":"Mozilla/5.0 (Macintosh; Intel Mac OS X) AppleWebKit/538.1 (KHTML, like Gecko) PhantomJS/2.1.1 Safari/538.1","webSecurityEnabled":true}
[INFO  - 2017-02-13T23:04:28.495Z] Session [c563f570-f240-11e6-ada1-b9a9fdb87777] - page.customHeaders:  - {}
[INFO  - 2017-02-13T23:04:28.495Z] Session [c563f570-f240-11e6-ada1-b9a9fdb87777] - Session.negotiatedCapabilities - {"browserName":"phantomjs","version":"2.1.1","driverName":"ghostdriver","driverVersion":"1.2.0","platform":"mac-10.10 (Yosemite)-64bit","javascriptEnabled":true,"takesScreenshot":true,"handlesAlerts":false,"databaseEnabled":false,"locationContextEnabled":false,"applicationCacheEnabled":false,"browserConnectionEnabled":false,"cssSelectorsEnabled":true,"webStorageEnabled":false,"rotatable":false,"acceptSslCerts":false,"nativeEvents":true,"proxy":{"proxyType":"direct"}}
[INFO  - 2017-02-13T23:04:28.496Z] SessionManagerReqHand - _postNewSessionCommand - New Session Created: c563f570-f240-11e6-ada1-b9a9fdb87777
[INFO  - 2017-02-13T23:04:30.297Z] SessionManagerReqHand - _cleanupWindowlessSessions - Asynchronous Sessions clean-up phase starting NOW
[INFO  - 2017-02-13T23:04:40.315Z] SessionManagerReqHand - _cleanupWindowlessSessions - Asynchronous Sessions clean-up phase starting NOW
[INFO  - 2017-02-13T23:05:01.875Z] SessionManagerReqHand - _cleanupWindowlessSessions - Asynchronous Sessions clean-up phase starting NOW
[INFO  - 2017-02-13T23:06:01.307Z] SessionManagerReqHand - _cleanupWindowlessSessions - Asynchronous Sessions clean-up phase starting NOW
[INFO  - 2017-02-13T23:06:02.865Z] GhostDriver - Main - running on port 25078
[INFO  - 2017-02-13T23:06:04.218Z] Session [fe726f40-f240-11e6-b83f-67a1fe092c5e] - page.settings - {"XSSAuditingEnabled":false,"javascriptCanCloseWindows":true,"javascriptCanOpenWindows":true,"javascriptEnabled":true,"loadImages":true,"localToRemoteUrlAccessEnabled":false,"userAgent":"Mozilla/5.0 (Macintosh; Intel Mac OS X) AppleWebKit/538.1 (KHTML, like Gecko) PhantomJS/2.1.1 Safari/538.1","webSecurityEnabled":true}
[INFO  - 2017-02-13T23:06:04.218Z] Session [fe726f40-f240-11e6-b83f-67a1fe092c5e] - page.customHeaders:  - {}
[INFO  - 2017-02-13T23:06:04.219Z] Session [fe726f40-f240-11e6-b83f-67a1fe092c5e] - Session.negotiatedCapabilities - {"browserName":"phantomjs","version":"2.1.1","driverName":"ghostdriver","driverVersion":"1.2.0","platform":"mac-10.10 (Yosemite)-64bit","javascriptEnabled":true,"takesScreenshot":true,"handlesAlerts":false,"databaseEnabled":false,"locationContextEnabled":false,"applicationCacheEnabled":false,"browserConnectionEnabled":false,"cssSelectorsEnabled":true,"webStorageEnabled":false,"rotatable":false,"acceptSslCerts":false,"nativeEvents":true,"proxy":{"proxyType":"direct"}}
[INFO  - 2017-02-13T23:06:04.219Z] SessionManagerReqHand - _postNewSessionCommand - New Session Created: fe726f40-f240-11e6-b83f-67a1fe092c5e
[INFO  - 2017-02-13T23:06:13.305Z] SessionManagerReqHand - _cleanupWindowlessSessions - Asynchronous Sessions clean-up phase starting NOW
[INFO  - 2017-02-13T23:06:21.637Z] GhostDriver - Main - running on port 42021
[INFO  - 2017-02-13T23:06:21.816Z] Session [08ed1510-f241-11e6-a761-c51c47a7cc67] - page.settings - {"XSSAuditingEnabled":false,"javascriptCanCloseWindows":true,"javascriptCanOpenWindows":true,"javascriptEnabled":true,"loadImages":true,"localToRemoteUrlAccessEnabled":false,"userAgent":"Mozilla/5.0 (Macintosh; Intel Mac OS X) AppleWebKit/538.1 (KHTML, like Gecko) PhantomJS/2.1.1 Safari/538.1","webSecurityEnabled":true}
[INFO  - 2017-02-13T23:06:21.818Z] Session [08ed1510-f241-11e6-a761-c51c47a7cc67] - page.customHeaders:  - {}
[INFO  - 2017-02-13T23:06:21.819Z] Session [08ed1510-f241-11e6-a761-c51c47a7cc67] - Session.negotiatedCapabilities - {"browserName":"phantomjs","version":"2.1.1","driverName":"ghostdriver","driverVersion":"1.2.0","platform":"mac-10.10 (Yosemite)-64bit","javascriptEnabled":true,"takesScreenshot":true,"handlesAlerts":false,"databaseEnabled":false,"locationContextEnabled":false,"applicationCacheEnabled":false,"browserConnectionEnabled":false,"cssSelectorsEnabled":true,"webStorageEnabled":false,"rotatable":false,"acceptSslCerts":false,"nativeEvents":true,"proxy":{"proxyType":"direct"}}
[INFO  - 2017-02-13T23:06:21.819Z] SessionManagerReqHand - _postNewSessionCommand - New Session Created: 08ed1510-f241-11e6-a761-c51c47a7cc67
[INFO  - 2017-02-13T23:06:36.436Z] SessionManagerReqHand - _cleanupWindowlessSessions - Asynchronous Sessions clean-up phase starting NOW
[INFO  - 2017-02-13T23:06:45.096Z] GhostDriver - Main - running on port 22692
[INFO  - 2017-02-13T23:06:45.221Z] Session [16df2e60-f241-11e6-aee6-a1d422115580] - page.settings - {"XSSAuditingEnabled":false,"javascriptCanCloseWindows":true,"javascriptCanOpenWindows":true,"javascriptEnabled":true,"loadImages":true,"localToRemoteUrlAccessEnabled":false,"userAgent":"Mozilla/5.0 (Macintosh; Intel Mac OS X) AppleWebKit/538.1 (KHTML, like Gecko) PhantomJS/2.1.1 Safari/538.1","webSecurityEnabled":true}
[INFO  - 2017-02-13T23:06:45.223Z] Session [16df2e60-f241-11e6-aee6-a1d422115580] - page.customHeaders:  - {}
[INFO  - 2017-02-13T23:06:45.224Z] Session [16df2e60-f241-11e6-aee6-a1d422115580] - Session.negotiatedCapabilities - {"browserName":"phantomjs","version":"2.1.1","driverName":"ghostdriver","driverVersion":"1.2.0","platform":"mac-10.10 (Yosemite)-64bit","javascriptEnabled":true,"takesScreenshot":true,"handlesAlerts":false,"databaseEnabled":false,"locationContextEnabled":false,"applicationCacheEnabled":false,"browserConnectionEnabled":false,"cssSelectorsEnabled":true,"webStorageEnabled":false,"rotatable":false,"acceptSslCerts":false,"nativeEvents":true,"proxy":{"proxyType":"direct"}}
[INFO  - 2017-02-13T23:06:45.227Z] SessionManagerReqHand - _postNewSessionCommand - New Session Created: 16df2e60-f241-11e6-aee6-a1d422115580
[INFO  - 2017-02-14T09:22:03.141Z] GhostDriver - Main - running on port 29033
[INFO  - 2017-02-14T09:22:03.840Z] Session [0c197fc0-f297-11e6-aaea-cfa41eb93d49] - page.settings - {"XSSAuditingEnabled":false,"javascriptCanCloseWindows":true,"javascriptCanOpenWindows":true,"javascriptEnabled":true,"loadImages":true,"localToRemoteUrlAccessEnabled":false,"userAgent":"Mozilla/5.0 (Macintosh; Intel Mac OS X) AppleWebKit/538.1 (KHTML, like Gecko) PhantomJS/2.1.1 Safari/538.1","webSecurityEnabled":true}
[INFO  - 2017-02-14T09:22:03.840Z] Session [0c197fc0-f297-11e6-aaea-cfa41eb93d49] - page.customHeaders:  - {}
[INFO  - 2017-02-14T09:22:03.840Z] Session [0c197fc0-f297-11e6-aaea-cfa41eb93d49] - Session.negotiatedCapabilities - {"browserName":"phantomjs","version":"2.1.1","driverName":"ghostdriver","driverVersion":"1.2.0","platform":"mac-10.11 (El Capitan)-64bit","javascriptEnabled":true,"takesScreenshot":true,"handlesAlerts":false,"databaseEnabled":false,"locationContextEnabled":false,"applicationCacheEnabled":false,"browserConnectionEnabled":false,"cssSelectorsEnabled":true,"webStorageEnabled":false,"rotatable":false,"acceptSslCerts":false,"nativeEvents":true,"proxy":{"proxyType":"direct"}}
[INFO  - 2017-02-14T09:22:03.841Z] SessionManagerReqHand - _postNewSessionCommand - New Session Created: 0c197fc0-f297-11e6-aaea-cfa41eb93d49
[INFO  - 2017-02-14T09:22:09.350Z] GhostDriver - Main - running on port 13315
[INFO  - 2017-02-14T09:22:09.628Z] Session [0f8c5f60-f297-11e6-85bd-6d818f1bffef] - page.settings - {"XSSAuditingEnabled":false,"javascriptCanCloseWindows":true,"javascriptCanOpenWindows":true,"javascriptEnabled":true,"loadImages":true,"localToRemoteUrlAccessEnabled":false,"userAgent":"Mozilla/5.0 (Macintosh; Intel Mac OS X) AppleWebKit/538.1 (KHTML, like Gecko) PhantomJS/2.1.1 Safari/538.1","webSecurityEnabled":true}
[INFO  - 2017-02-14T09:22:09.629Z] Session [0f8c5f60-f297-11e6-85bd-6d818f1bffef] - page.customHeaders:  - {}
[INFO  - 2017-02-14T09:22:09.629Z] Session [0f8c5f60-f297-11e6-85bd-6d818f1bffef] - Session.negotiatedCapabilities - {"browserName":"phantomjs","version":"2.1.1","driverName":"ghostdriver","driverVersion":"1.2.0","platform":"mac-10.11 (El Capitan)-64bit","javascriptEnabled":true,"takesScreenshot":true,"handlesAlerts":false,"databaseEnabled":false,"locationContextEnabled":false,"applicationCacheEnabled":false,"browserConnectionEnabled":false,"cssSelectorsEnabled":true,"webStorageEnabled":false,"rotatable":false,"acceptSslCerts":false,"nativeEvents":true,"proxy":{"proxyType":"direct"}}
[INFO  - 2017-02-14T09:22:09.629Z] SessionManagerReqHand - _postNewSessionCommand - New Session Created: 0f8c5f60-f297-11e6-85bd-6d818f1bffef
[INFO  - 2017-02-14T09:22:21.887Z] GhostDriver - Main - running on port 46068
[INFO  - 2017-02-14T09:22:22.157Z] Session [17049aa0-f297-11e6-99ba-43da3a58b6b9] - page.settings - {"XSSAuditingEnabled":false,"javascriptCanCloseWindows":true,"javascriptCanOpenWindows":true,"javascriptEnabled":true,"loadImages":true,"localToRemoteUrlAccessEnabled":false,"userAgent":"Mozilla/5.0 (Macintosh; Intel Mac OS X) AppleWebKit/538.1 (KHTML, like Gecko) PhantomJS/2.1.1 Safari/538.1","webSecurityEnabled":true}
[INFO  - 2017-02-14T09:22:22.157Z] Session [17049aa0-f297-11e6-99ba-43da3a58b6b9] - page.customHeaders:  - {}
[INFO  - 2017-02-14T09:22:22.157Z] Session [17049aa0-f297-11e6-99ba-43da3a58b6b9] - Session.negotiatedCapabilities - {"browserName":"phantomjs","version":"2.1.1","driverName":"ghostdriver","driverVersion":"1.2.0","platform":"mac-10.11 (El Capitan)-64bit","javascriptEnabled":true,"takesScreenshot":true,"handlesAlerts":false,"databaseEnabled":false,"locationContextEnabled":false,"applicationCacheEnabled":false,"browserConnectionEnabled":false,"cssSelectorsEnabled":true,"webStorageEnabled":false,"rotatable":false,"acceptSslCerts":false,"nativeEvents":true,"proxy":{"proxyType":"direct"}}
[INFO  - 2017-02-14T09:22:22.157Z] SessionManagerReqHand - _postNewSessionCommand - New Session Created: 17049aa0-f297-11e6-99ba-43da3a58b6b9
